--------------- 27-04-2024, 23:23:04 ---------------
| DC v1.1.13 gamma Rev. 453 -- x86_64-Linux-qt6
| EndeavourOS Linux -- Qt 6.7.0, libQt6Pas 6.2.1 | PID 29802
Unhandled exception: EAccessViolation: Access violation
  Stack trace:
  $000072AAFEB40364
  $0000000000916137
  $000000000083D6CA
  $000000000083D848
  $0000000000839884
  $000000000083ACCF
  $0000000000B14802
  $00000000004BACD5
  $00000000004BAD57
  $00000000004399EB
  $00000000004B3F82

--------------- 27-04-2024, 23:23:04 ---------------
| DC v1.1.13 gamma Rev. 453 -- x86_64-Linux-qt6
| EndeavourOS Linux -- Qt 6.7.0, libQt6Pas 6.2.1 | PID 29802
Unhandled exception: EObjectCheck: Object reference is Nil
  Stack trace:
  $000000000091EDB7
  $00000000006545CE
  $000000000066F4D5
  $000000000064C1F0
  $000000000064C1C0
  $000000000065067F
  $000000000066F42B
  $00000000004B8C4B
  $00000000004BAE4D
  $00000000004399EB
  $00000000004B3F82

--------------- 31-05-2024, 17:30:41 ---------------
| DC v1.1.14 gamma Rev. 468 -- x86_64-Linux-qt6
| EndeavourOS Linux -- Qt 6.7.1, libQt6Pas 6.2.1 | PID 25753
Unhandled exception: EAccessViolation: Access violation
  Stack trace:
  $00007725ABF44764
  $0000000000916007
  $000000000083D59A
  $000000000083D718
  $0000000000839754
  $000000000083AB9F
  $0000000000B146F2
  $00000000004BACD5
  $00000000004BAD57
  $00000000004399EB
  $00000000004B3F82

--------------- 31-05-2024, 17:30:41 ---------------
| DC v1.1.14 gamma Rev. 468 -- x86_64-Linux-qt6
| EndeavourOS Linux -- Qt 6.7.1, libQt6Pas 6.2.1 | PID 25753
Unhandled exception: EObjectCheck: Object reference is Nil
  Stack trace:
  $000000000091EC87
  $000000000065449E
  $000000000066F3A5
  $000000000064C0C0
  $000000000064C090
  $000000000065054F
  $000000000066F2FB
  $00000000004B8C4B
  $00000000004BAE4D
  $00000000004399EB
  $00000000004B3F82

--------------- 13-07-2024, 17:03:48 ---------------
| DC v1.1.16 gamma Rev. 520 -- x86_64-Linux-qt6
| EndeavourOS Linux -- Qt 6.7.2, libQt6Pas 6.2.1 | PID 20699
Unhandled exception: EAccessViolation: Access violation
  Stack trace:
  $000077DD8DD447F4
  $0000000000915FF7
  $000000000083D2DA
  $000000000083D458
  $0000000000839494
  $000000000083A8DF
  $0000000000B14BC2
  $00000000004BABF5
  $00000000004BAC77
  $000000000043991B
  $00000000004B3EA2

--------------- 13-07-2024, 17:03:48 ---------------
| DC v1.1.16 gamma Rev. 520 -- x86_64-Linux-qt6
| EndeavourOS Linux -- Qt 6.7.2, libQt6Pas 6.2.1 | PID 20699
Unhandled exception: EObjectCheck: Object reference is Nil
  Stack trace:
  $000000000091EC77
  $00000000006540EE
  $000000000066EFF5
  $000000000064BD70
  $000000000064BD40
  $000000000065019F
  $000000000066EF4B
  $00000000004B8B6B
  $00000000004BAD6D
  $000000000043991B
  $00000000004B3EA2

--------------- 21-07-2024, 18:23:26 ---------------
| DC v1.1.16 gamma Rev. 520 -- x86_64-Linux-qt6
| EndeavourOS Linux -- Qt 6.7.2, libQt6Pas 6.2.1 | PID 49645
Unhandled exception: EAccessViolation: Access violation
  Stack trace:
  $00007D19E4F447F4
  $0000000000915FF7
  $000000000083D2DA
  $000000000083D458
  $0000000000839494
  $000000000083A8DF
  $0000000000B14BC2
  $00000000004BABF5
  $00000000004BAC77
  $000000000043991B
  $00000000004B3EA2

--------------- 21-07-2024, 18:23:26 ---------------
| DC v1.1.16 gamma Rev. 520 -- x86_64-Linux-qt6
| EndeavourOS Linux -- Qt 6.7.2, libQt6Pas 6.2.1 | PID 49645
Unhandled exception: EObjectCheck: Object reference is Nil
  Stack trace:
  $000000000091EC77
  $00000000006540EE
  $000000000066EFF5
  $000000000064BD70
  $000000000064BD40
  $000000000065019F
  $000000000066EF4B
  $00000000004B8B6B
  $00000000004BAD6D
  $000000000043991B
  $00000000004B3EA2

--------------- 23-08-2024, 23:15:39 ---------------
| DC v1.1.17 gamma Rev. 548 -- x86_64-Linux-qt6
| EndeavourOS Linux -- Qt 6.7.2, libQt6Pas 6.2.1 | PID 88320
Unhandled exception: EAccessViolation: Access violation
  Stack trace:
  $00007D81455447F4
  $00000000009162E7
  $000000000083D5CA
  $000000000083D748
  $0000000000839784
  $000000000083ABCF
  $0000000000B151B2
  $00000000004BABF5
  $00000000004BAC77
  $000000000043991B
  $00000000004B3EA2

--------------- 23-08-2024, 23:15:39 ---------------
| DC v1.1.17 gamma Rev. 548 -- x86_64-Linux-qt6
| EndeavourOS Linux -- Qt 6.7.2, libQt6Pas 6.2.1 | PID 88320
Unhandled exception: EObjectCheck: Object reference is Nil
  Stack trace:
  $000000000091EF67
  $00000000006543DE
  $000000000066F2E5
  $000000000064C060
  $000000000064C030
  $000000000065048F
  $000000000066F23B
  $00000000004B8B6B
  $00000000004BAD6D
  $000000000043991B
  $00000000004B3EA2

--------------- 02-09-2024, 00:18:18 ---------------
| DC v1.1.17 gamma Rev. 548 -- x86_64-Linux-qt6
| EndeavourOS Linux -- Qt 6.7.2, libQt6Pas 6.2.1 | PID 41294
Unhandled exception: EAccessViolation: Access violation
  Stack trace:
  $00007294D1F45924
  $00000000009162E7
  $000000000083D5CA
  $000000000083D748
  $0000000000839784
  $000000000083ABCF
  $0000000000B151B2
  $00000000004BABF5
  $00000000004BAC77
  $000000000043991B
  $00000000004B3EA2

--------------- 02-09-2024, 00:18:18 ---------------
| DC v1.1.17 gamma Rev. 548 -- x86_64-Linux-qt6
| EndeavourOS Linux -- Qt 6.7.2, libQt6Pas 6.2.1 | PID 41294
Unhandled exception: EObjectCheck: Object reference is Nil
  Stack trace:
  $000000000091EF67
  $00000000006543DE
  $000000000066F2E5
  $000000000064C060
  $000000000064C030
  $000000000065048F
  $000000000066F23B
  $00000000004B8B6B
  $00000000004BAD6D
  $000000000043991B
  $00000000004B3EA2

